  CREATE_STREAM @0 {NAME:case0_sequence T:Transactions SCOPE:uvm_test_top.env.i_agt.sqr STREAM:870}
  CREATE_STREAM @0 {NAME:cseq T:Transactions SCOPE:uvm_test_top.env.i_agt.sqr STREAM:887}
  CREATE_STREAM @0 {NAME:case0_sequence T:Transactions SCOPE:uvm_test_top.env.i_agt.sqr STREAM:870}
  CREATE_STREAM @0 {NAME:cseq T:Transactions SCOPE:uvm_test_top.env.i_agt.sqr STREAM:887}
  CREATE_STREAM @0 {NAME:case0_sequence T:Transactions SCOPE:uvm_test_top.env.i_agt.sqr STREAM:870}
  CREATE_STREAM @0 {NAME:cseq T:Transactions SCOPE:uvm_test_top.env.i_agt.sqr STREAM:887}
  CREATE_STREAM @0 {NAME:case0_sequence T:Transactions SCOPE:uvm_test_top.env.i_agt.sqr STREAM:870}
  CREATE_STREAM @0 {NAME:cseq T:Transactions SCOPE:uvm_test_top.env.i_agt.sqr STREAM:887}
  CREATE_STREAM @0 {NAME:case0_sequence T:Transactions SCOPE:uvm_test_top.env.i_agt.sqr STREAM:870}
  CREATE_STREAM @0 {NAME:cseq T:Transactions SCOPE:uvm_test_top.env.i_agt.sqr STREAM:887}
  CREATE_STREAM @0 {NAME:case0_sequence T:Transactions SCOPE:uvm_test_top.env.i_agt.sqr STREAM:870}
  CREATE_STREAM @0 {NAME:cseq T:Transactions SCOPE:uvm_test_top.env.i_agt.sqr STREAM:887}
  CREATE_STREAM @0 {NAME:case0_sequence T:Transactions SCOPE:uvm_test_top.env.i_agt.sqr STREAM:870}
  CREATE_STREAM @0 {NAME:cseq T:Transactions SCOPE:uvm_test_top.env.i_agt.sqr STREAM:887}
  CREATE_STREAM @0 {NAME:case0_sequence T:Transactions SCOPE:uvm_test_top.env.i_agt.sqr STREAM:870}
  CREATE_STREAM @0 {NAME:cseq T:Transactions SCOPE:uvm_test_top.env.i_agt.sqr STREAM:887}
  CREATE_STREAM @0 {NAME:case0_sequence T:Transactions SCOPE:uvm_test_top.env.i_agt.sqr STREAM:870}
  CREATE_STREAM @0 {NAME:cseq T:Transactions SCOPE:uvm_test_top.env.i_agt.sqr STREAM:887}
  CREATE_STREAM @0 {NAME:case0_sequence T:Transactions SCOPE:uvm_test_top.env.i_agt.sqr STREAM:870}
  CREATE_STREAM @0 {NAME:cseq T:Transactions SCOPE:uvm_test_top.env.i_agt.sqr STREAM:887}
  CREATE_STREAM @0 {NAME:case0_sequence T:Transactions SCOPE:uvm_test_top.env.i_agt.sqr STREAM:870}
  CREATE_STREAM @0 {NAME:cseq T:Transactions SCOPE:uvm_test_top.env.i_agt.sqr STREAM:887}
  CREATE_STREAM @0 {NAME:case0_sequence T:Transactions SCOPE:uvm_test_top.env.i_agt.sqr STREAM:870}
  CREATE_STREAM @0 {NAME:cseq T:Transactions SCOPE:uvm_test_top.env.i_agt.sqr STREAM:887}
  CREATE_STREAM @0 {NAME:case0_sequence T:Transactions SCOPE:uvm_test_top.env.i_agt.sqr STREAM:870}
  CREATE_STREAM @0 {NAME:cseq T:Transactions SCOPE:uvm_test_top.env.i_agt.sqr STREAM:887}
  CREATE_STREAM @0 {NAME:crc_seq T:Transactions SCOPE:uvm_test_top.env.i_agt.sqr STREAM:870}
  CREATE_STREAM @0 {NAME:case0_sequence T:Transactions SCOPE:uvm_test_top.env.i_agt.sqr STREAM:870}
  CREATE_STREAM @0 {NAME:cseq T:Transactions SCOPE:uvm_test_top.env.i_agt.sqr STREAM:887}
  CREATE_STREAM @0 {NAME:long_seq T:Transactions SCOPE:uvm_test_top.env.i_agt.sqr STREAM:870}
  CREATE_STREAM @0 {NAME:long_seq T:Transactions SCOPE:uvm_test_top.env.i_agt.sqr STREAM:870}
  CREATE_STREAM @0 {NAME:long_seq T:Transactions SCOPE:uvm_test_top.env.i_agt.sqr STREAM:870}
  CREATE_STREAM @0 {NAME:long_seq T:Transactions SCOPE:uvm_test_top.env.i_agt.sqr STREAM:870}
  CREATE_STREAM @0 {NAME:long_seq T:Transactions SCOPE:uvm_test_top.env.i_agt.sqr STREAM:870}
  CREATE_STREAM @0 {NAME:long_seq T:Transactions SCOPE:uvm_test_top.env.i_agt.sqr STREAM:870}
  CREATE_STREAM @0 {NAME:long_seq T:Transactions SCOPE:uvm_test_top.env.i_agt.sqr STREAM:870}
  CREATE_STREAM @0 {NAME:long_seq T:Transactions SCOPE:uvm_test_top.env.i_agt.sqr STREAM:976}
  CREATE_STREAM @0 {NAME:crc_seq T:Transactions SCOPE:uvm_test_top.env.i_agt.sqr STREAM:976}
  CREATE_STREAM @0 {NAME:crc_seq T:Transactions SCOPE:uvm_test_top.env.i_agt.sqr STREAM:870}
  CREATE_STREAM @0 {NAME:crc_seq T:Transactions SCOPE:uvm_test_top.env.i_agt.sqr STREAM:870}
  CREATE_STREAM @0 {NAME:crc_seq T:Transactions SCOPE:uvm_test_top.env.i_agt.sqr STREAM:870}
  CREATE_STREAM @0 {NAME:case0_sequence T:Transactions SCOPE:uvm_test_top.env.i_agt.sqr STREAM:870}
  CREATE_STREAM @0 {NAME:cseq T:Transactions SCOPE:uvm_test_top.env.i_agt.sqr STREAM:887}
  CREATE_STREAM @0 {NAME:case0_sequence T:Transactions SCOPE:uvm_test_top.env.i_agt.sqr STREAM:870}
  CREATE_STREAM @0 {NAME:crc_seq T:Transactions SCOPE:uvm_test_top.env.i_agt.sqr STREAM:870}
  CREATE_STREAM @0 {NAME:crc_seq T:Transactions SCOPE:uvm_test_top.env.i_agt.sqr STREAM:870}
  CREATE_STREAM @0 {NAME:crc_seq0 T:Transactions SCOPE:uvm_test_top.env.i_agt.sqr STREAM:873}
  CREATE_STREAM @0 {NAME:case0_seq0 T:Transactions SCOPE:uvm_test_top.env.i_agt.sqr STREAM:873}
  CREATE_STREAM @0 {NAME:cseq T:Transactions SCOPE:uvm_test_top.env.i_agt.sqr STREAM:882}
  CREATE_STREAM @1661700000 {NAME:lseq T:Transactions SCOPE:uvm_test_top.env.i_agt.sqr STREAM:1213}
  CREATE_STREAM @0 {NAME:case0_seq0 T:Transactions SCOPE:uvm_test_top.env.i_agt.sqr STREAM:873}
  CREATE_STREAM @0 {NAME:cseq T:Transactions SCOPE:uvm_test_top.env.i_agt.sqr STREAM:882}
  CREATE_STREAM @1661700000 {NAME:lseq T:Transactions SCOPE:uvm_test_top.env.i_agt.sqr STREAM:1213}
  CREATE_STREAM @0 {NAME:case0_seq0 T:Transactions SCOPE:uvm_test_top.env.i_agt.sqr STREAM:873}
  CREATE_STREAM @0 {NAME:cseq T:Transactions SCOPE:uvm_test_top.env.i_agt.sqr STREAM:882}
  CREATE_STREAM @1661700000 {NAME:lseq T:Transactions SCOPE:uvm_test_top.env.i_agt.sqr STREAM:1213}
  CREATE_STREAM @0 {NAME:case0_seq0 T:Transactions SCOPE:uvm_test_top.env.i_agt.sqr STREAM:873}
  CREATE_STREAM @0 {NAME:cseq T:Transactions SCOPE:uvm_test_top.env.i_agt.sqr STREAM:882}
  CREATE_STREAM @1661700000 {NAME:lseq T:Transactions SCOPE:uvm_test_top.env.i_agt.sqr STREAM:1213}
  CREATE_STREAM @0 {NAME:case0_seq0 T:Transactions SCOPE:uvm_test_top.env.i_agt.sqr STREAM:873}
  CREATE_STREAM @0 {NAME:cseq T:Transactions SCOPE:uvm_test_top.env.i_agt.sqr STREAM:882}
  CREATE_STREAM @1661700000 {NAME:lseq T:Transactions SCOPE:uvm_test_top.env.i_agt.sqr STREAM:1213}
  CREATE_STREAM @0 {NAME:case0_seq0 T:Transactions SCOPE:uvm_test_top.env.i_agt.sqr STREAM:873}
  CREATE_STREAM @0 {NAME:cseq T:Transactions SCOPE:uvm_test_top.env.i_agt.sqr STREAM:882}
  CREATE_STREAM @1661700000 {NAME:lseq T:Transactions SCOPE:uvm_test_top.env.i_agt.sqr STREAM:1213}
  CREATE_STREAM @0 {NAME:case0_seq0 T:Transactions SCOPE:uvm_test_top.env.i_agt.sqr STREAM:873}
  CREATE_STREAM @0 {NAME:cseq T:Transactions SCOPE:uvm_test_top.env.i_agt.sqr STREAM:882}
  CREATE_STREAM @1661700000 {NAME:lseq T:Transactions SCOPE:uvm_test_top.env.i_agt.sqr STREAM:1213}
  CREATE_STREAM @0 {NAME:case0_seq0 T:Transactions SCOPE:uvm_test_top.env.i_agt.sqr STREAM:873}
  CREATE_STREAM @0 {NAME:cseq T:Transactions SCOPE:uvm_test_top.env.i_agt.sqr STREAM:882}
  CREATE_STREAM @1661700000 {NAME:lseq T:Transactions SCOPE:uvm_test_top.env.i_agt.sqr STREAM:1213}
  CREATE_STREAM @0 {NAME:case0_seq0 T:Transactions SCOPE:uvm_test_top.env.i_agt.sqr STREAM:873}
  CREATE_STREAM @0 {NAME:cseq T:Transactions SCOPE:uvm_test_top.env.i_agt.sqr STREAM:882}
  CREATE_STREAM @1661700000 {NAME:lseq T:Transactions SCOPE:uvm_test_top.env.i_agt.sqr STREAM:1213}
  CREATE_STREAM @0 {NAME:case0_seq0 T:Transactions SCOPE:uvm_test_top.env.i_agt.sqr STREAM:873}
  CREATE_STREAM @0 {NAME:cseq T:Transactions SCOPE:uvm_test_top.env.i_agt.sqr STREAM:882}
  CREATE_STREAM @1661700000 {NAME:lseq T:Transactions SCOPE:uvm_test_top.env.i_agt.sqr STREAM:1213}
  CREATE_STREAM @0 {NAME:case0_seq0 T:Transactions SCOPE:uvm_test_top.env.i_agt.sqr STREAM:873}
  CREATE_STREAM @0 {NAME:cseq T:Transactions SCOPE:uvm_test_top.env.i_agt.sqr STREAM:882}
  CREATE_STREAM @1661700000 {NAME:lseq T:Transactions SCOPE:uvm_test_top.env.i_agt.sqr STREAM:1213}
  CREATE_STREAM @0 {NAME:case0_seq0 T:Transactions SCOPE:uvm_test_top.env.i_agt.sqr STREAM:873}
  CREATE_STREAM @0 {NAME:cseq T:Transactions SCOPE:uvm_test_top.env.i_agt.sqr STREAM:882}
  CREATE_STREAM @1661700000 {NAME:lseq T:Transactions SCOPE:uvm_test_top.env.i_agt.sqr STREAM:1213}
  CREATE_STREAM @0 {NAME:case0_seq0 T:Transactions SCOPE:uvm_test_top.env.i_agt.sqr STREAM:873}
  CREATE_STREAM @0 {NAME:cseq T:Transactions SCOPE:uvm_test_top.env.i_agt.sqr STREAM:882}
  CREATE_STREAM @1661700000 {NAME:lseq T:Transactions SCOPE:uvm_test_top.env.i_agt.sqr STREAM:1213}
  CREATE_STREAM @0 {NAME:case0_seq0 T:Transactions SCOPE:uvm_test_top.env.i_agt.sqr STREAM:873}
  CREATE_STREAM @0 {NAME:cseq T:Transactions SCOPE:uvm_test_top.env.i_agt.sqr STREAM:882}
  CREATE_STREAM @1661700000 {NAME:lseq T:Transactions SCOPE:uvm_test_top.env.i_agt.sqr STREAM:1213}
  CREATE_STREAM @0 {NAME:case0_seq0 T:Transactions SCOPE:uvm_test_top.env.i_agt.sqr STREAM:873}
  CREATE_STREAM @0 {NAME:cseq T:Transactions SCOPE:uvm_test_top.env.i_agt.sqr STREAM:882}
  CREATE_STREAM @1661700000 {NAME:lseq T:Transactions SCOPE:uvm_test_top.env.i_agt.sqr STREAM:1213}
  CREATE_STREAM @0 {NAME:case0_seq0 T:Transactions SCOPE:uvm_test_top.env.i_agt.sqr STREAM:873}
  CREATE_STREAM @0 {NAME:cseq T:Transactions SCOPE:uvm_test_top.env.i_agt.sqr STREAM:882}
  CREATE_STREAM @1661700000 {NAME:lseq T:Transactions SCOPE:uvm_test_top.env.i_agt.sqr STREAM:1213}
  CREATE_STREAM @0 {NAME:case0_seq0 T:Transactions SCOPE:uvm_test_top.env.i_agt.sqr STREAM:873}
  CREATE_STREAM @0 {NAME:cseq T:Transactions SCOPE:uvm_test_top.env.i_agt.sqr STREAM:882}
  CREATE_STREAM @1661700000 {NAME:lseq T:Transactions SCOPE:uvm_test_top.env.i_agt.sqr STREAM:1213}
  CREATE_STREAM @0 {NAME:case0_seq0 T:Transactions SCOPE:uvm_test_top.env.i_agt.sqr STREAM:873}
  CREATE_STREAM @0 {NAME:cseq T:Transactions SCOPE:uvm_test_top.env.i_agt.sqr STREAM:882}
  CREATE_STREAM @1661700000 {NAME:lseq T:Transactions SCOPE:uvm_test_top.env.i_agt.sqr STREAM:1213}
  CREATE_STREAM @0 {NAME:case0_seq0 T:Transactions SCOPE:uvm_test_top.env.i_agt.sqr STREAM:873}
  CREATE_STREAM @0 {NAME:cseq T:Transactions SCOPE:uvm_test_top.env.i_agt.sqr STREAM:882}
  CREATE_STREAM @1661700000 {NAME:lseq T:Transactions SCOPE:uvm_test_top.env.i_agt.sqr STREAM:1213}
