# Preference setting overrides
gui_create_pref_key -category {Globals} -key {load_detail_for_funcov} -value_type {bool} -value {false}

# State setting overrides
gui_state_default_create -off -ini
gui_set_state_value -category Globals -key recent_databases -value {{gui_open_db -file vcdplus.vpd} {gui_open_db -file top_tb.vcd} {gui_open_db -file /home/patrick/uvm_example/example_and_uvm_source_code/puvm/src/ch7/section7.2/top_tb.vcd.vpd -design V1} {gui_open_db -file /home/patrick/uvm_example/example_and_uvm_source_code/puvm/src/ch6/section6.4/6.4.1/start/vcdplus.vpd -design V1} {gui_open_db -file /home/patrick/ip_sync_shfifo_ut/script/vcdplus.vpd -design V1}}
gui_set_state_value -category Globals -key recent_sessions -value {{gui_load_session -ignore_errors -file /home/patrick/ip_sync_shfifo_ut/script/DVEfiles//crash_10.05-23.50/dve_session10.05-23.50.tcl}}
gui_set_state_value -category Layout -key child_console_size_x -value 1216
gui_set_state_value -category Layout -key child_console_size_y -value 139
gui_set_state_value -category Layout -key child_data_coltype -value 88
gui_set_state_value -category Layout -key child_data_colvalue -value 12
gui_set_state_value -category Layout -key child_data_colvariable -value 131
gui_set_state_value -category Layout -key child_data_size_x -value 232
gui_set_state_value -category Layout -key child_data_size_y -value 245
gui_set_state_value -category Layout -key child_driver_size_x -value 928
gui_set_state_value -category Layout -key child_driver_size_y -value 179
gui_set_state_value -category Layout -key child_hier_col3 -value {-1}
gui_set_state_value -category Layout -key child_hier_colhier -value 296
gui_set_state_value -category Layout -key child_hier_colpd -value 0
gui_set_state_value -category Layout -key child_hier_coltype -value 107
gui_set_state_value -category Layout -key child_hier_size_x -value 404
gui_set_state_value -category Layout -key child_hier_size_y -value 245
gui_set_state_value -category Layout -key child_source_docknewline -value false
gui_set_state_value -category Layout -key child_source_pos_x -value {-2}
gui_set_state_value -category Layout -key child_source_pos_y -value {-15}
gui_set_state_value -category Layout -key child_source_size_x -value 583
gui_set_state_value -category Layout -key child_source_size_y -value 240
gui_set_state_value -category Layout -key child_transaction_col_caller -value 66
gui_set_state_value -category Layout -key child_transaction_col_expand -value 16
gui_set_state_value -category Layout -key child_transaction_col_message -value 55
gui_set_state_value -category Layout -key child_transaction_col_name -value 41
gui_set_state_value -category Layout -key child_transaction_col_relation -value 55
gui_set_state_value -category Layout -key child_transaction_col_scope -value 87
gui_set_state_value -category Layout -key child_transaction_col_severity -value 52
gui_set_state_value -category Layout -key child_transaction_col_target -value 45
gui_set_state_value -category Layout -key child_transaction_col_time -value 70
gui_set_state_value -category Layout -key child_transaction_col_type -value 35
gui_set_state_value -category Layout -key child_transaction_size_x -value 1216
gui_set_state_value -category Layout -key child_transaction_size_y -value 248
gui_set_state_value -category Layout -key child_wave_colname -value 171
gui_set_state_value -category Layout -key child_wave_colvalue -value 171
gui_set_state_value -category Layout -key child_wave_left -value 346
gui_set_state_value -category Layout -key child_wave_right -value 845
gui_set_state_value -category Layout -key main_pos_x -value 53
gui_set_state_value -category Layout -key main_pos_y -value 52
gui_set_state_value -category Layout -key main_size_x -value 1269
gui_set_state_value -category Layout -key main_size_y -value 792
gui_set_state_value -category Layout -key stand_source_child_docknewline -value false
gui_set_state_value -category Layout -key stand_source_child_pos_x -value {-2}
gui_set_state_value -category Layout -key stand_source_child_pos_y -value {-15}
gui_set_state_value -category Layout -key stand_source_child_size_x -value 378
gui_set_state_value -category Layout -key stand_source_child_size_y -value 391
gui_set_state_value -category Layout -key stand_wave_child_docknewline -value false
gui_set_state_value -category Layout -key stand_wave_child_pos_x -value {-2}
gui_set_state_value -category Layout -key stand_wave_child_pos_y -value {-15}
gui_set_state_value -category Layout -key stand_wave_child_size_x -value 1201
gui_set_state_value -category Layout -key stand_wave_child_size_y -value 584
gui_set_state_value -category Layout -key stand_wave_top_pos_x -value 83
gui_set_state_value -category Layout -key stand_wave_top_pos_y -value 103
gui_set_state_value -category Layout -key stand_wave_top_size_x -value 1279
gui_set_state_value -category Layout -key stand_wave_top_size_y -value 799
gui_set_state_value -category Data -key showAggregate -value false
gui_set_state_value -category Data -key showAssertion -value false
gui_set_state_value -category Data -key showBuffer -value false
gui_set_state_value -category Data -key showConstant -value false
gui_set_state_value -category Data -key showEvent -value false
gui_set_state_value -category Data -key showInout -value false
gui_set_state_value -category Data -key showInterface -value false
gui_set_state_value -category Data -key showLinkage -value false
gui_set_state_value -category Data -key showLowPower -value false
gui_set_state_value -category Data -key showOthers -value false
gui_set_state_value -category Data -key showParameter -value false
gui_set_state_value -category Data -key showSignal -value false
gui_set_state_value -category Data -key showUnit -value false
gui_set_state_value -category Data -key showVariable -value false
gui_create_state_key -category FindDialog -key m_pMatchCase -value_type bool -value false
gui_create_state_key -category FindDialog -key m_pMatchWord -value_type bool -value false
gui_create_state_key -category FindDialog -key m_pUseCombo -value_type string -value {}
gui_create_state_key -category FindDialog -key m_pWrapAround -value_type bool -value true
gui_create_state_key -category SearchDialog -key MatchCase -value_type bool -value false
gui_create_state_key -category SearchDialog -key MatchWord -value_type bool -value true
gui_create_state_key -category SearchDialog -key SearchMode -value_type string -value Wildcards
gui_create_state_key -category SearchDialog -key UseCombo -value_type bool -value true
gui_state_default_create -off

# Begin command logging
gui_open_db -file vcdplus.vpd
gui_list_expand -id  Hier.1   top_tb
gui_list_select -id Hier.1 -current_item_name top_tb.my_dut -current_item_type Scope  -selected  { top_tb.my_dut   }
gui_list_select -id Data.1 -selected  { top_tb.my_dut.tx_en   }
gui_list_select -id Data.1 -selected  { top_tb.my_dut.rst_n  top_tb.my_dut.bus_cmd_valid  top_tb.my_dut.bus_op  {top_tb.my_dut.bus_addr[15:0]}  {top_tb.my_dut.bus_wr_data[15:0]}  {top_tb.my_dut.bus_rd_data[15:0]}  {top_tb.my_dut.rxd[7:0]}  top_tb.my_dut.rx_dv  {top_tb.my_dut.txd[7:0]}  top_tb.my_dut.tx_en   }
gui_list_select -id Data.1 { top_tb.my_dut.clk   }
gui_open_window Wave
gui_list_add -id Wave.1 -from Data.1 { top_tb.my_dut.clk top_tb.my_dut.rst_n top_tb.my_dut.bus_cmd_valid top_tb.my_dut.bus_op {top_tb.my_dut.bus_addr[15:0]} {top_tb.my_dut.bus_wr_data[15:0]} {top_tb.my_dut.bus_rd_data[15:0]} {top_tb.my_dut.rxd[7:0]} top_tb.my_dut.rx_dv {top_tb.my_dut.txd[7:0]} top_tb.my_dut.tx_en } -insertionbar
gui_zoom -window Wave.1 -full
gui_wv_zoom_timerange -id  Wave.1 0 119032646
gui_wv_zoom_timerange -id  Wave.1 9823082 37847759
gui_wv_zoom_timerange -id  Wave.1 12481865 17107297
gui_marker_move -id  Wave.1 C1 13915590
gui_zoom -window Wave.1 -factor 0.5
gui_zoom -window Wave.1 -factor 0.5
gui_zoom -window Wave.1 -factor 0.5
gui_zoom -window Wave.1 -factor 0.5
gui_zoom -window Wave.1 -factor 0.5
gui_wv_zoom_timerange -id  Wave.1 0 8442536
gui_wv_zoom_timerange -id  Wave.1 911876 3780699
gui_list_select -id Wave.1 -selected  { top_tb.my_dut.bus_op   }
gui_list_select -id Wave.1 -selected  { {top_tb.my_dut.bus_addr[15:0]}   }
gui_list_select -id Wave.1 -selected  { {top_tb.my_dut.bus_wr_data[15:0]}   }
gui_list_select -id Wave.1 -selected  { {top_tb.my_dut.bus_rd_data[15:0]}   }
gui_list_select -id Wave.1 -selected  { top_tb.my_dut.bus_cmd_valid   }
gui_zoom -window Wave.1 -factor 0.5
gui_zoom -window Wave.1 -factor 0.5
gui_zoom -window Wave.1 -factor 0.5
gui_zoom -window Wave.1 -factor 0.5
gui_zoom -window Wave.1 -factor 0.5
gui_zoom -window Wave.1 -factor 0.5
gui_zoom -window Wave.1 -factor 0.5
gui_zoom -window Wave.1 -factor 0.5
gui_zoom -window Wave.1 -factor 0.5
gui_zoom -window Wave.1 -factor 0.5
gui_zoom -window Wave.1 -factor 0.5
gui_zoom -window Wave.1 -factor 2
gui_zoom -window Wave.1 -full
gui_wv_zoom_timerange -id  Wave.1 205735437 326237621
gui_wv_zoom_timerange -id  Wave.1 231060013 238225798
gui_list_select -id Wave.1 -selected  { {top_tb.my_dut.rxd[7:0]}   }
gui_list_select -id Wave.1 -selected  { top_tb.my_dut.rx_dv   }
gui_list_select -id Wave.1 -selected  { {top_tb.my_dut.txd[7:0]}   }
gui_list_select -id Wave.1 -selected  { top_tb.my_dut.tx_en   }
gui_list_select -id Wave.1 -selected  { {top_tb.my_dut.txd[7:0]}   }
gui_list_select -id Wave.1 -selected  { top_tb.my_dut.rx_dv   }
gui_list_select -id Wave.1 -selected  { {top_tb.my_dut.rxd[7:0]}   }
gui_list_select -id Wave.1 -selected  { top_tb.my_dut.bus_op   }
gui_list_select -id Data.1 -selected  {  }
gui_list_set_filter -id Data.1 -type All -value 1
gui_list_select -id Data.1 -selected  { top_tb.my_dut.invert   }
gui_list_add -id Wave.1 -from Data.1 { top_tb.my_dut.invert } -insertionbar
gui_marker_move -id  Wave.1 C1 233061939
gui_zoom -window Wave.1 -factor 0.5
gui_zoom -window Wave.1 -factor 0.5
gui_zoom -window Wave.1 -factor 0.5
gui_zoom -window Wave.1 -factor 0.5
gui_zoom -window Wave.1 -factor 0.5
gui_zoom -window Wave.1 -factor 0.5
gui_zoom -window Wave.1 -factor 0.5
gui_zoom -window Wave.1 -factor 0.5
gui_zoom -window Wave.1 -factor 0.5
gui_zoom -window Wave.1 -factor 0.5
gui_zoom -window Wave.1 -factor 0.5
gui_zoom -window Wave.1 -factor 0.5
gui_wv_zoom_timerange -id  Wave.1 0 2529034757
gui_view_port_history -window Wave.1 -previous
gui_zoom -window Wave.1 -full
gui_marker_move -id  Wave.1 C1 44086165
gui_list_select -id Wave.1 -selected  { top_tb.my_dut.invert   }
gui_marker_move -id  Wave.1 C1 1025738107
gui_wv_zoom_timerange -id  Wave.1 0 54372937
gui_list_select -id Wave.1 -selected  { top_tb.my_dut.rst_n   }
gui_list_select -id Wave.1 -selected  { top_tb.my_dut.bus_op   }
gui_marker_move -id  Wave.1 C1 41901475
gui_list_select -id Wave.1 -selected  { top_tb.my_dut.bus_cmd_valid   }
gui_list_select -id Wave.1 -selected  { top_tb.my_dut.bus_op   }
gui_wv_zoom_timerange -id  Wave.1 0 4619060
gui_marker_move -id  Wave.1 C1 1900000
gui_marker_move -id  Wave.1 C1 2100000
gui_marker_move -id  Wave.1 C1 3705338
gui_list_select -id Wave.1 -selected  { {top_tb.my_dut.bus_wr_data[15:0]}   }
gui_list_select -id Wave.1 -selected  { {top_tb.my_dut.bus_rd_data[15:0]}   }
gui_list_select -id Wave.1 -selected  {  }
gui_list_select -id Wave.1 -selected  { top_tb.my_dut.bus_cmd_valid   }
gui_list_select -id Wave.1 -selected  { top_tb.my_dut.bus_op   }
gui_list_select -id Wave.1 -selected  {  }
gui_marker_move -id  Wave.1 C1 2700000
gui_marker_move -id  Wave.1 C1 1500000
gui_list_select -id Wave.1 -selected  { {top_tb.my_dut.bus_rd_data[15:0]}   }
gui_marker_move -id  Wave.1 C1 2100000
gui_marker_move -id  Wave.1 C1 3100000
gui_marker_move -id  Wave.1 C1 3300000
gui_list_select -id Wave.1 -selected  { top_tb.my_dut.bus_op   }
gui_list_select -id Wave.1 -selected  { {top_tb.my_dut.bus_wr_data[15:0]}   }
gui_list_select -id Wave.1 -selected  { top_tb.my_dut.bus_op   }
gui_marker_move -id  Wave.1 C1 3901536
gui_list_select -id Wave.1 -selected  { top_tb.my_dut.rx_dv   }
gui_zoom -window Wave.1 -factor 0.5
gui_zoom -window Wave.1 -factor 0.5
gui_wv_zoom_timerange -id  Wave.1 13206924 15068002
gui_marker_move -id  Wave.1 C1 13700000
gui_marker_move -id  Wave.1 C1 13900000
gui_marker_move -id  Wave.1 C1 14100000
gui_zoom -window Wave.1 -factor 0.5
gui_zoom -window Wave.1 -factor 0.5
gui_zoom -window Wave.1 -factor 0.5
gui_zoom -window Wave.1 -factor 0.5
gui_list_select -id Wave.1 -selected  { {top_tb.my_dut.rxd[7:0]}   }
gui_list_select -id Wave.1 -selected  { top_tb.my_dut.rx_dv   }
gui_marker_move -id  Wave.1 C1 13700000
gui_save_session -reload -default_file
gui_marker_move -id  Wave.1 C1 6613151
gui_zoom -window Wave.1 -factor 0.5
gui_zoom -window Wave.1 -factor 0.5
gui_zoom -window Wave.1 -factor 0.5
gui_zoom -window Wave.1 -factor 0.5
gui_zoom -window Wave.1 -factor 0.5
gui_zoom -window Wave.1 -factor 0.5
gui_zoom -window Wave.1 -factor 0.5
gui_zoom -window Wave.1 -factor 0.5
gui_wv_zoom_timerange -id  Wave.1 0 444056825
gui_wv_zoom_timerange -id  Wave.1 0 57123815
gui_wv_zoom_timerange -id  Wave.1 138650 16707329
gui_wv_zoom_timerange -id  Wave.1 13994904 15301899
gui_close_window -window TopLevel.2
